#
# A fatal error has been detected by the Java Runtime Environment:
#
#  SIGSEGV (0xb) at pc=0x00000001100a672b, pid=910, tid=0x0000000000005003
#
# JRE version: OpenJDK Runtime Environment (8.0_112-b06) (build 1.8.0_112-release-b06)
# Java VM: OpenJDK 64-Bit Server VM (25.112-b06 mixed mode bsd-amd64 compressed oops)
# Problematic frame:
# V  [libjvm.dylib+0x2a672b]
#
# Failed to write core dump. Core dumps have been disabled. To enable core dumping, try "ulimit -c unlimited" before starting Java again
#
# If you would like to submit a bug report, please visit:
#   http://bugreport.java.com/bugreport/crash.jsp
#

---------------  T H R E A D  ---------------

Current thread (0x00007fa75382e800):  JavaThread "C1 CompilerThread3" daemon [_thread_in_vm, id=20483, stack(0x0000700008108000,0x0000700008208000)]

siginfo: si_signo: 11 (SIGSEGV), si_code: 1 (SEGV_MAPERR), si_addr: 0x0000000000000022

Registers:
RAX=0x0000000000000005, RBX=0x0000000000000000, RCX=0x0000000000000007, RDX=0x0000000000000004
RSP=0x0000700008206ae0, RBP=0x0000700008206ae0, RSI=0x00007fa754005b60, RDI=0x000000012bea63d8
R8 =0x0000000000000000, R9 =0x0000000000000045, R10=0x0000000000000001, R11=0xfffffffffffffff8
R12=0x0000700008206ef8, R13=0x0000000000000000, R14=0x000000012bea63d8, R15=0x00000007c07c2818
RIP=0x00000001100a672b, EFLAGS=0x0000000000010207, ERR=0x0000000000000004
  TRAPNO=0x000000000000000e

Top of Stack: (sp=0x0000700008206ae0)
0x0000700008206ae0:   0000700008206b30 00000001100a6822
0x0000700008206af0:   0000000108206b30 00007fa754005b60
0x0000700008206b00:   000000010ed6e920 000000012bea63d8
0x0000700008206b10:   0000700008206ef8 0000000000000000
0x0000700008206b20:   0000700008206ef8 00000007c07c2818
0x0000700008206b30:   0000700008206b50 00000001100a6966
0x0000700008206b40:   0000000000000001 00000007c07c2818
0x0000700008206b50:   0000700008206b80 000000010fff076d
0x0000700008206b60:   0000700008206b80 0000700008206f10
0x0000700008206b70:   00000007c0221400 00000007c07c2818
0x0000700008206b80:   0000700008206ee0 000000010ffee451
0x0000700008206b90:   00007fa75341ec00 00000007c0c7d028
0x0000700008206ba0:   0000700008206bc0 00000001285e35a0
0x0000700008206bb0:   00000001285e35a0 00000001285e35a0
0x0000700008206bc0:   0000000000000001 00000001285e35a0
0x0000700008206bd0:   0000700008206d28 0000700008206e48
0x0000700008206be0:   0000700008206c70 00000001101a0c18
0x0000700008206bf0:   00007fa70000002e 00007fa75382e800
0x0000700008206c00:   00000007c02214b8 0000002e5382e800
0x0000700008206c10:   00000007c02214b8 00000001285e35a0
0x0000700008206c20:   00007fa75382e800 00000001285e35a0
0x0000700008206c30:   00007fa75382e800 00000001285e35a0
0x0000700008206c40:   00000001285e35a0 00007fa75382e800
0x0000700008206c50:   00000001285e35a0 00007fa75382e800
0x0000700008206c60:   00000001285e35a0 000000000000002e
0x0000700008206c70:   0000700008206da0 00000001101a112e
0x0000700008206c80:   00007fa75382e800 00007fa755841510
0x0000700008206c90:   000000010ed6e920 0000700008206e48
0x0000700008206ca0:   00000007c02214b8 0000700008206dd0
0x0000700008206cb0:   00000007c02214b8 00007fa75ac02c00
0x0000700008206cc0:   00007fa75ac04c30 00007fa75ac0abe8
0x0000700008206cd0:   0000000000040298 0000000000000000 

Instructions: (pc=0x00000001100a672b)
0x00000001100a670b:   e5 8b 0f ff c9 31 d2 eb 33 ff c0 89 c2 eb 2d 8d
0x00000001100a671b:   04 11 d1 f8 4c 63 c0 4e 8b 44 c7 08 4d 8b 40 08
0x00000001100a672b:   45 0f b7 48 22 4d 8b 40 08 4f 8b 44 c8 50 49 39
0x00000001100a673b:   f0 72 d6 49 39 f0 74 0d ff c8 89 c1 39 ca 7e cf 

Register to memory mapping:

RAX=0x0000000000000005 is an unknown value
RBX=0x0000000000000000 is an unknown value
RCX=0x0000000000000007 is an unknown value
RDX=0x0000000000000004 is an unknown value
RSP=0x0000700008206ae0 is pointing into the stack for thread: 0x00007fa75382e800
RBP=0x0000700008206ae0 is pointing into the stack for thread: 0x00007fa75382e800
RSI=0x00007fa754005b60 is an unknown value
RDI=0x000000012bea63d8 is pointing into metadata
R8 =0x0000000000000000 is an unknown value
R9 =0x0000000000000045 is an unknown value
R10=0x0000000000000001 is an unknown value
R11=0xfffffffffffffff8 is an unknown value
R12=0x0000700008206ef8 is pointing into the stack for thread: 0x00007fa75382e800
R13=0x0000000000000000 is an unknown value
R14=0x000000012bea63d8 is pointing into metadata
R15=0x00000007c07c2818 is pointing into metadata


Stack: [0x0000700008108000,0x0000700008208000],  sp=0x0000700008206ae0,  free space=1018k
Native frames: (J=compiled Java code, j=interpreted, Vv=VM code, C=native code)
V  [libjvm.dylib+0x2a672b]
V  [libjvm.dylib+0x2a6822]
V  [libjvm.dylib+0x2a6966]
V  [libjvm.dylib+0x1f076d]
V  [libjvm.dylib+0x1ee451]
V  [libjvm.dylib+0x1ee682]
V  [libjvm.dylib+0x16c0ff]
V  [libjvm.dylib+0xf3c9b]
V  [libjvm.dylib+0xf6691]
V  [libjvm.dylib+0xf2f5d]
V  [libjvm.dylib+0xf7451]
V  [libjvm.dylib+0xfc926]
V  [libjvm.dylib+0xfc9d7]
V  [libjvm.dylib+0xe723f]
V  [libjvm.dylib+0xe73ce]
V  [libjvm.dylib+0xe75f7]
V  [libjvm.dylib+0xe780c]
V  [libjvm.dylib+0xe7f8e]
V  [libjvm.dylib+0x1b19fe]
V  [libjvm.dylib+0x1b3f45]
V  [libjvm.dylib+0x53912d]
V  [libjvm.dylib+0x53a7e4]
V  [libjvm.dylib+0x45bf0a]
C  [libsystem_pthread.dylib+0x36c1]  _pthread_body+0x154
C  [libsystem_pthread.dylib+0x356d]  _pthread_body+0x0
C  [libsystem_pthread.dylib+0x2c5d]  thread_start+0xd
C  0x0000000000000000


Current CompileTask:
C1:13536844 24244       3       org.gradle.internal.metaobject.ConfigureDelegate::<init> (36 bytes)


---------------  P R O C E S S  ---------------

Java Threads: ( => current thread )
  0x00007fa7574f0800 JavaThread "Stdin handler" [_thread_blocked, id=26443, stack(0x0000700008a23000,0x0000700008b23000)]
  0x00007fa7570ce800 JavaThread "Asynchronous log dispatcher for DefaultDaemonConnection: socket connection from /127.0.0.1:54959 to /127.0.0.1:62296" [_thread_blocked, id=27511, stack(0x000070000881d000,0x000070000891d000)]
  0x00007fa75abfb800 JavaThread "Daemon worker Thread 8" [_thread_blocked, id=37923, stack(0x000070000871a000,0x000070000881a000)]
  0x00007fa75999e000 JavaThread "Cancel handler" [_thread_blocked, id=43607, stack(0x0000700008617000,0x0000700008717000)]
  0x00007fa75de02800 JavaThread "Handler for socket connection from /127.0.0.1:54959 to /127.0.0.1:62296" [_thread_in_native, id=22815, stack(0x0000700008514000,0x0000700008614000)]
  0x00007fa75a5b7000 JavaThread "Daemon Thread 8" [_thread_blocked, id=4615, stack(0x0000700006fd2000,0x00007000070d2000)]
  0x00007fa75dc34800 JavaThread "pool-25-thread-4" [_thread_blocked, id=39695, stack(0x0000700009878000,0x0000700009978000)]
  0x00007fa757d6f000 JavaThread "pool-25-thread-2" [_thread_blocked, id=36371, stack(0x0000700009775000,0x0000700009875000)]
  0x00007fa757d6e000 JavaThread "pool-25-thread-3" [_thread_blocked, id=26139, stack(0x0000700009672000,0x0000700009772000)]
  0x00007fa75dcf2800 JavaThread "pool-25-thread-1" [_thread_blocked, id=37651, stack(0x000070000956f000,0x000070000966f000)]
  0x00007fa7543a9000 JavaThread "File lock request listener" [_thread_in_native, id=27655, stack(0x0000700008c54000,0x0000700008d54000)]
  0x00007fa7542f7000 JavaThread "pool-1-thread-1" [_thread_blocked, id=24583, stack(0x0000700008920000,0x0000700008a20000)]
  0x00007fa755eb7800 JavaThread "Incoming local TCP Connector on port 54959" [_thread_in_native, id=22019, stack(0x0000700008411000,0x0000700008511000)]
  0x00007fa75586d000 JavaThread "Service Thread" daemon [_thread_blocked, id=20995, stack(0x000070000820b000,0x000070000830b000)]
=>0x00007fa75382e800 JavaThread "C1 CompilerThread3" daemon [_thread_in_vm, id=20483, stack(0x0000700008108000,0x0000700008208000)]
  0x00007fa75382d800 JavaThread "C2 CompilerThread2" daemon [_thread_blocked, id=19971, stack(0x0000700008005000,0x0000700008105000)]
  0x00007fa75382d000 JavaThread "C2 CompilerThread1" daemon [_thread_blocked, id=19459, stack(0x0000700007f02000,0x0000700008002000)]
  0x00007fa753821000 JavaThread "C2 CompilerThread0" daemon [_thread_blocked, id=18947, stack(0x0000700007dff000,0x0000700007eff000)]
  0x00007fa754011800 JavaThread "Signal Dispatcher" daemon [_thread_blocked, id=18443, stack(0x0000700007cfc000,0x0000700007dfc000)]
  0x00007fa755857000 JavaThread "Finalizer" daemon [_thread_blocked, id=15107, stack(0x0000700007bf9000,0x0000700007cf9000)]
  0x00007fa753803000 JavaThread "Reference Handler" daemon [_thread_blocked, id=14595, stack(0x0000700007af6000,0x0000700007bf6000)]
  0x00007fa754005000 JavaThread "main" [_thread_blocked, id=6915, stack(0x00007000070d8000,0x00007000071d8000)]

Other Threads:
  0x00007fa755854800 VMThread [stack: 0x00007000079f3000,0x0000700007af3000] [id=14083]
  0x00007fa755858800 WatcherThread [stack: 0x000070000830e000,0x000070000840e000] [id=21507]

VM state:not at safepoint (normal execution)

VM Mutex/Monitor currently owned by a thread:  ([mutex/lock_event])
[0x00007fa753704000] Compile_lock - owner thread: 0x00007fa75382e800

Heap:
 PSYoungGen      total 440320K, used 351777K [0x00000007a0000000, 0x00000007bfb80000, 0x00000007c0000000)
  eden space 361984K, 95% used [0x00000007a0000000,0x00000007b5095180,0x00000007b6180000)
  from space 78336K, 9% used [0x00000007baf00000,0x00000007bb5f33b8,0x00000007bfb80000)
  to   space 78848K, 0% used [0x00000007b6180000,0x00000007b6180000,0x00000007bae80000)
 ParOldGen       total 363008K, used 178930K [0x0000000760000000, 0x0000000776280000, 0x00000007a0000000)
  object space 363008K, 49% used [0x0000000760000000,0x000000076aebca90,0x0000000776280000)
 Metaspace       used 94720K, capacity 100328K, committed 100352K, reserved 1136640K
  class space    used 11904K, capacity 12790K, committed 12800K, reserved 1048576K

Card table byte_map: [0x0000000110cb6000,0x0000000110fb7000] byte_map_base: 0x000000010d1b6000

Marking Bits: (ParMarkBitMap*) 0x000000011068bed0
 Begin Bits: [0x00000001111b7000, 0x00000001129b7000)
 End Bits:   [0x00000001129b7000, 0x00000001141b7000)

Polling page: 0x000000010ecd0000

CodeCache: size=245760Kb used=65667Kb max_used=66046Kb free=180092Kb
 bounds [0x0000000117085000, 0x000000011b175000, 0x0000000126085000]
 total_blobs=18709 nmethods=17884 adapters=737
 compilation: enabled

Compilation events (10 events):
Event: 13536.826 Thread 0x00007fa75382e800 nmethod 24241 0x0000000119bea010 code [0x0000000119bea280, 0x0000000119beb078]
Event: 13536.826 Thread 0x00007fa75382e800 24242       3       org.gradle.model.internal.inspect.ModelRuleExtractor$DefaultExtractedRuleSource::withImplicitInputs (9 bytes)
Event: 13536.826 Thread 0x00007fa75382e800 nmethod 24242 0x0000000119be9c10 code [0x0000000119be9d80, 0x0000000119be9f68]
Event: 13536.826 Thread 0x00007fa75382e800 24243       3       org.gradle.internal.reflect.JavaReflectionUtil::toMethodName (34 bytes)
Event: 13536.827 Thread 0x00007fa75382e800 nmethod 24243 0x0000000119dc8950 code [0x0000000119dc8be0, 0x0000000119dc9ca8]
Event: 13536.827 Thread 0x00007fa75382e800 24239       3       com.google.common.collect.ImmutableBiMap::of (4 bytes)
Event: 13536.827 Thread 0x00007fa75382e800 nmethod 24239 0x0000000119dc8650 code [0x0000000119dc87a0, 0x0000000119dc88d0]
Event: 13536.827 Thread 0x00007fa75382e800 24237       3       com.google.common.reflect.TypeResolver$TypeMappingIntrospector::visitClass (24 bytes)
Event: 13536.828 Thread 0x00007fa75382e800 nmethod 24237 0x000000011af83250 code [0x000000011af83460, 0x000000011af83e68]
Event: 13536.828 Thread 0x00007fa75382e800 24244       3       org.gradle.internal.metaobject.ConfigureDelegate::<init> (36 bytes)

GC Heap History (10 events):
Event: 823.291 GC heap before
{Heap before GC invocations=33 (full 5):
 PSYoungGen      total 432128K, used 375395K [0x00000007a0000000, 0x00000007c0000000, 0x00000007c0000000)
  eden space 349184K, 99% used [0x00000007a0000000,0x00000007b54f3070,0x00000007b5500000)
  from space 82944K, 31% used [0x00000007b5500000,0x00000007b6ea5e78,0x00000007ba600000)
  to   space 81408K, 0% used [0x00000007bb080000,0x00000007bb080000,0x00000007c0000000)
 ParOldGen       total 363008K, used 162578K [0x0000000760000000, 0x0000000776280000, 0x00000007a0000000)
  object space 363008K, 44% used [0x0000000760000000,0x0000000769ec4b40,0x0000000776280000)
 Metaspace       used 92908K, capacity 97704K, committed 97920K, reserved 1134592K
  class space    used 11729K, capacity 12532K, committed 12672K, reserved 1048576K
Event: 823.306 GC heap after
Heap after GC invocations=33 (full 5):
 PSYoungGen      total 438784K, used 3197K [0x00000007a0000000, 0x00000007c0000000, 0x00000007c0000000)
  eden space 357376K, 0% used [0x00000007a0000000,0x00000007a0000000,0x00000007b5d00000)
  from space 81408K, 3% used [0x00000007bb080000,0x00000007bb39f628,0x00000007c0000000)
  to   space 83456K, 0% used [0x00000007b5d00000,0x00000007b5d00000,0x00000007bae80000)
 ParOldGen       total 363008K, used 178602K [0x0000000760000000, 0x0000000776280000, 0x00000007a0000000)
  object space 363008K, 49% used [0x0000000760000000,0x000000076ae6aa90,0x0000000776280000)
 Metaspace       used 92908K, capacity 97704K, committed 97920K, reserved 1134592K
  class space    used 11729K, capacity 12532K, committed 12672K, reserved 1048576K
}
Event: 2775.006 GC heap before
{Heap before GC invocations=34 (full 5):
 PSYoungGen      total 438784K, used 359884K [0x00000007a0000000, 0x00000007c0000000, 0x00000007c0000000)
  eden space 357376K, 99% used [0x00000007a0000000,0x00000007b5c53ad0,0x00000007b5d00000)
  from space 81408K, 3% used [0x00000007bb080000,0x00000007bb39f628,0x00000007c0000000)
  to   space 83456K, 0% used [0x00000007b5d00000,0x00000007b5d00000,0x00000007bae80000)
 ParOldGen       total 363008K, used 178602K [0x0000000760000000, 0x0000000776280000, 0x00000007a0000000)
  object space 363008K, 49% used [0x0000000760000000,0x000000076ae6aa90,0x0000000776280000)
 Metaspace       used 93446K, capacity 98432K, committed 98688K, reserved 1134592K
  class space    used 11774K, capacity 12598K, committed 12672K, reserved 1048576K
Event: 2775.021 GC heap after
Heap after GC invocations=34 (full 5):
 PSYoungGen      total 440832K, used 17612K [0x00000007a0000000, 0x00000007bff00000, 0x00000007c0000000)
  eden space 357376K, 0% used [0x00000007a0000000,0x00000007a0000000,0x00000007b5d00000)
  from space 83456K, 21% used [0x00000007b5d00000,0x00000007b6e333e8,0x00000007bae80000)
  to   space 81920K, 0% used [0x00000007baf00000,0x00000007baf00000,0x00000007bff00000)
 ParOldGen       total 363008K, used 178914K [0x0000000760000000, 0x0000000776280000, 0x00000007a0000000)
  object space 363008K, 49% used [0x0000000760000000,0x000000076aeb8a90,0x0000000776280000)
 Metaspace       used 93446K, capacity 98432K, committed 98688K, reserved 1134592K
  class space    used 11774K, capacity 12598K, committed 12672K, reserved 1048576K
}
Event: 2776.551 GC heap before
{Heap before GC invocations=35 (full 5):
 PSYoungGen      total 440832K, used 374365K [0x00000007a0000000, 0x00000007bff00000, 0x00000007c0000000)
  eden space 357376K, 99% used [0x00000007a0000000,0x00000007b5c64378,0x00000007b5d00000)
  from space 83456K, 21% used [0x00000007b5d00000,0x00000007b6e333e8,0x00000007bae80000)
  to   space 81920K, 0% used [0x00000007baf00000,0x00000007baf00000,0x00000007bff00000)
 ParOldGen       total 363008K, used 178914K [0x0000000760000000, 0x0000000776280000, 0x00000007a0000000)
  object space 363008K, 49% used [0x0000000760000000,0x000000076aeb8a90,0x0000000776280000)
 Metaspace       used 93695K, capacity 98722K, committed 98944K, reserved 1136640K
  class space    used 11779K, capacity 12605K, committed 12672K, reserved 1048576K
Event: 2776.559 GC heap after
Heap after GC invocations=35 (full 5):
 PSYoungGen      total 440320K, used 6751K [0x00000007a0000000, 0x00000007bfe80000, 0x00000007c0000000)
  eden space 358912K, 0% used [0x00000007a0000000,0x00000007a0000000,0x00000007b5e80000)
  from space 81408K, 8% used [0x00000007baf00000,0x00000007bb597d88,0x00000007bfe80000)
  to   space 81920K, 0% used [0x00000007b5e80000,0x00000007b5e80000,0x00000007bae80000)
 ParOldGen       total 363008K, used 178922K [0x0000000760000000, 0x0000000776280000, 0x00000007a0000000)
  object space 363008K, 49% used [0x0000000760000000,0x000000076aebaa90,0x0000000776280000)
 Metaspace       used 93695K, capacity 98722K, committed 98944K, reserved 1136640K
  class space    used 11779K, capacity 12605K, committed 12672K, reserved 1048576K
}
Event: 2777.434 GC heap before
{Heap before GC invocations=36 (full 5):
 PSYoungGen      total 440320K, used 365631K [0x00000007a0000000, 0x00000007bfe80000, 0x00000007c0000000)
  eden space 358912K, 99% used [0x00000007a0000000,0x00000007b5e77f70,0x00000007b5e80000)
  from space 81408K, 8% used [0x00000007baf00000,0x00000007bb597d88,0x00000007bfe80000)
  to   space 81920K, 0% used [0x00000007b5e80000,0x00000007b5e80000,0x00000007bae80000)
 ParOldGen       total 363008K, used 178922K [0x0000000760000000, 0x0000000776280000, 0x00000007a0000000)
  object space 363008K, 49% used [0x0000000760000000,0x000000076aebaa90,0x0000000776280000)
 Metaspace       used 94088K, capacity 99142K, committed 99200K, reserved 1136640K
  class space    used 11819K, capacity 12652K, committed 12672K, reserved 1048576K
Event: 2777.445 GC heap after
Heap after GC invocations=36 (full 5):
 PSYoungGen      total 440832K, used 10217K [0x00000007a0000000, 0x00000007bfd80000, 0x00000007c0000000)
  eden space 358912K, 0% used [0x00000007a0000000,0x00000007a0000000,0x00000007b5e80000)
  from space 81920K, 12% used [0x00000007b5e80000,0x00000007b687a528,0x00000007bae80000)
  to   space 80384K, 0% used [0x00000007baf00000,0x00000007baf00000,0x00000007bfd80000)
 ParOldGen       total 363008K, used 178922K [0x0000000760000000, 0x0000000776280000, 0x00000007a0000000)
  object space 363008K, 49% used [0x0000000760000000,0x000000076aebaa90,0x0000000776280000)
 Metaspace       used 94088K, capacity 99142K, committed 99200K, reserved 1136640K
  class space    used 11819K, capacity 12652K, committed 12672K, reserved 1048576K
}
Event: 2871.454 GC heap before
{Heap before GC invocations=37 (full 5):
 PSYoungGen      total 440832K, used 368344K [0x00000007a0000000, 0x00000007bfd80000, 0x00000007c0000000)
  eden space 358912K, 99% used [0x00000007a0000000,0x00000007b5dbbb98,0x00000007b5e80000)
  from space 81920K, 12% used [0x00000007b5e80000,0x00000007b687a528,0x00000007bae80000)
  to   space 80384K, 0% used [0x00000007baf00000,0x00000007baf00000,0x00000007bfd80000)
 ParOldGen       total 363008K, used 178922K [0x0000000760000000, 0x0000000776280000, 0x00000007a0000000)
  object space 363008K, 49% used [0x0000000760000000,0x000000076aebaa90,0x0000000776280000)
 Metaspace       used 94395K, capacity 99876K, committed 100096K, reserved 1136640K
  class space    used 11867K, capacity 12733K, committed 12800K, reserved 1048576K
Event: 2871.464 GC heap after
Heap after GC invocations=37 (full 5):
 PSYoungGen      total 440320K, used 7116K [0x00000007a0000000, 0x00000007bfb80000, 0x00000007c0000000)
  eden space 361984K, 0% used [0x00000007a0000000,0x00000007a0000000,0x00000007b6180000)
  from space 78336K, 9% used [0x00000007baf00000,0x00000007bb5f33b8,0x00000007bfb80000)
  to   space 78848K, 0% used [0x00000007b6180000,0x00000007b6180000,0x00000007bae80000)
 ParOldGen       total 363008K, used 178930K [0x0000000760000000, 0x0000000776280000, 0x00000007a0000000)
  object space 363008K, 49% used [0x0000000760000000,0x000000076aebca90,0x0000000776280000)
 Metaspace       used 94395K, capacity 99876K, committed 100096K, reserved 1136640K
  class space    used 11867K, capacity 12733K, committed 12800K, reserved 1048576K
}

Deoptimization events (10 events):
Event: 2870.178 Thread 0x00007fa75da84800 Uncommon trap: reason=unstable_if action=reinterpret pc=0x000000011ad2295c method=sun.nio.cs.UTF_8$Decoder.decodeArrayLoop(Ljava/nio/ByteBuffer;Ljava/nio/CharBuffer;)Ljava/nio/charset/CoderResult; @ 191
Event: 2870.254 Thread 0x00007fa75da84800 Uncommon trap: reason=unstable_if action=reinterpret pc=0x000000011a46a91c method=com.android.ide.common.res2.DataMerger.mergeData(Lcom/android/ide/common/res2/MergeConsumer;Z)V @ 487
Event: 2871.097 Thread 0x00007fa75da84800 Uncommon trap: reason=class_check action=maybe_recompile pc=0x00000001186837d0 method=java.util.HashMap.removeNode(ILjava/lang/Object;Ljava/lang/Object;ZZ)Ljava/util/HashMap$Node; @ 143
Event: 2871.097 Thread 0x00007fa75da84800 Uncommon trap: reason=class_check action=maybe_recompile pc=0x000000011861e450 method=java.util.HashMap.removeNode(ILjava/lang/Object;Ljava/lang/Object;ZZ)Ljava/util/HashMap$Node; @ 143
Event: 2871.123 Thread 0x00007fa75da84800 Uncommon trap: reason=speculate_class_check action=maybe_recompile pc=0x000000011af83714 method=java.nio.charset.CharsetDecoder.reset()Ljava/nio/charset/CharsetDecoder; @ 1
Event: 2871.218 Thread 0x00007fa75da84800 Uncommon trap: reason=speculate_class_check action=maybe_recompile pc=0x000000011af83714 method=java.nio.charset.CharsetDecoder.reset()Ljava/nio/charset/CharsetDecoder; @ 1
Event: 2871.225 Thread 0x00007fa75da84800 Uncommon trap: reason=speculate_class_check action=maybe_recompile pc=0x000000011af83714 method=java.nio.charset.CharsetDecoder.reset()Ljava/nio/charset/CharsetDecoder; @ 1
Event: 2871.356 Thread 0x00007fa75da84800 Uncommon trap: reason=speculate_class_check action=maybe_recompile pc=0x000000011af83714 method=java.nio.charset.CharsetDecoder.reset()Ljava/nio/charset/CharsetDecoder; @ 1
Event: 2968.920 Thread 0x00007fa759f02800 Uncommon trap: reason=class_check action=maybe_recompile pc=0x0000000117e2c27c method=com.sun.org.apache.xerces.internal.impl.dtd.XMLDTDValidator.handleStartElement(Lcom/sun/org/apache/xerces/internal/xni/QName;Lcom/sun/org/apache/xerces/internal/xni/XMLA
Event: 2970.180 Thread 0x00007fa759f02800 Uncommon trap: reason=null_check action=make_not_entrant pc=0x000000011b131c74 method=com.sun.org.apache.xpath.internal.patterns.NodeTest.subPartMatchNS(Ljava/lang/String;Ljava/lang/String;)Z @ 25

Internal exceptions (10 events):
Event: 2869.742 Thread 0x00007fa75da84800 Exception <a 'java/lang/ClassNotFoundException': asLocalRepo564_av52321sbt24hrqlyvevq9d40BeanInfo> (0x00000007a80a7048) thrown at [/Volumes/Android_AOSP/AOSP-openjdk/external/jetbrains/jdk/hotspot/src/share/vm/classfile/systemDictionary.cpp, line 210]
Event: 2869.742 Thread 0x00007fa75da84800 Exception <a 'java/lang/ClassNotFoundException': asLocalRepo564_av52321sbt24hrqlyvevq9d40Customizer> (0x00000007a80b26e8) thrown at [/Volumes/Android_AOSP/AOSP-openjdk/external/jetbrains/jdk/hotspot/src/share/vm/classfile/systemDictionary.cpp, line 210]
Event: 2870.253 Thread 0x00007fa75da84800 Implicit null exception at 0x000000011a4668a0 to 0x000000011a46a90e
Event: 2871.537 Thread 0x00007fa75da84800 Exception <a 'sun/nio/fs/UnixException'> (0x00000007a0e13a08) thrown at [/Volumes/Android_AOSP/AOSP-openjdk/external/jetbrains/jdk/hotspot/src/share/vm/prims/jni.cpp, line 709]
Event: 2968.642 Thread 0x00007fa759f02800 Exception <a 'java/lang/ClassNotFoundException': asLocalRepo327_e5thfeciy5sun9zdhgl1hxgjsBeanInfo> (0x00000007a14338b8) thrown at [/Volumes/Android_AOSP/AOSP-openjdk/external/jetbrains/jdk/hotspot/src/share/vm/classfile/systemDictionary.cpp, line 210]
Event: 2968.642 Thread 0x00007fa759f02800 Exception <a 'java/lang/ClassNotFoundException': asLocalRepo327_e5thfeciy5sun9zdhgl1hxgjsCustomizer> (0x00000007a143f0b0) thrown at [/Volumes/Android_AOSP/AOSP-openjdk/external/jetbrains/jdk/hotspot/src/share/vm/classfile/systemDictionary.cpp, line 210]
Event: 2970.180 Thread 0x00007fa759f02800 Implicit null exception at 0x000000011b130cb3 to 0x000000011b131c49
Event: 2970.302 Thread 0x00007fa759f02800 Exception <a 'sun/nio/fs/UnixException'> (0x00000007af8493f8) thrown at [/Volumes/Android_AOSP/AOSP-openjdk/external/jetbrains/jdk/hotspot/src/share/vm/prims/jni.cpp, line 709]
Event: 13536.819 Thread 0x00007fa75abfb800 Exception <a 'java/lang/ClassNotFoundException': asLocalRepo828_365felg33ejkjnd8vve6v7aedBeanInfo> (0x00000007b4f40eb0) thrown at [/Volumes/Android_AOSP/AOSP-openjdk/external/jetbrains/jdk/hotspot/src/share/vm/classfile/systemDictionary.cpp, line 210]
Event: 13536.819 Thread 0x00007fa75abfb800 Exception <a 'java/lang/ClassNotFoundException': asLocalRepo828_365felg33ejkjnd8vve6v7aedCustomizer> (0x00000007b4f4c550) thrown at [/Volumes/Android_AOSP/AOSP-openjdk/external/jetbrains/jdk/hotspot/src/share/vm/classfile/systemDictionary.cpp, line 210]

Events (10 events):
Event: 13536.826 loading class asLocalRepo828_365felg33ejkjnd8vve6v7aed$_run_closure1$_closure2
Event: 13536.826 loading class asLocalRepo828_365felg33ejkjnd8vve6v7aed$_run_closure1$_closure2 done
Event: 13536.826 loading class groovy/runtime/metaclass/asLocalRepo828_365felg33ejkjnd8vve6v7aed$_run_closure1$_closure2MetaClass
Event: 13536.826 loading class groovy/runtime/metaclass/asLocalRepo828_365felg33ejkjnd8vve6v7aed$_run_closure1$_closure2MetaClass done
Event: 13536.827 loading class asLocalRepo828_365felg33ejkjnd8vve6v7aed$_run_closure1$_closure2$_closure4
Event: 13536.827 loading class asLocalRepo828_365felg33ejkjnd8vve6v7aed$_run_closure1$_closure2$_closure4 done
Event: 13536.827 loading class groovy/runtime/metaclass/asLocalRepo828_365felg33ejkjnd8vve6v7aed$_run_closure1$_closure2$_closure4MetaClass
Event: 13536.827 loading class groovy/runtime/metaclass/asLocalRepo828_365felg33ejkjnd8vve6v7aed$_run_closure1$_closure2$_closure4MetaClass done
Event: 13536.828 loading class asLocalRepo828_365felg33ejkjnd8vve6v7aed$_run_closure1$_closure2$_closure4$_closure5
Event: 13536.828 loading class asLocalRepo828_365felg33ejkjnd8vve6v7aed$_run_closure1$_closure2$_closure4$_closure5 done


Dynamic libraries:
0x0000000026918000 	/System/Library/Frameworks/Cocoa.framework/Versions/A/Cocoa
0x0000000026918000 	/System/Library/Frameworks/Security.framework/Versions/A/Security
0x0000000026918000 	/System/Library/Frameworks/ApplicationServices.framework/Versions/A/ApplicationServices
0x0000000026918000 	/usr/lib/libz.1.dylib
0x0000000026918000 	/usr/lib/libSystem.B.dylib
0x0000000026918000 	/usr/lib/libobjc.A.dylib
0x0000000026918000 	/System/Library/Frameworks/Foundation.framework/Versions/C/Foundation
0x0000000026918000 	/System/Library/Frameworks/CoreFoundation.framework/Versions/A/CoreFoundation
0x0000000026918000 	/System/Library/Frameworks/AppKit.framework/Versions/C/AppKit
0x0000000026918000 	/System/Library/Frameworks/CoreData.framework/Versions/A/CoreData
0x0000000026918000 	/System/Library/PrivateFrameworks/RemoteViewServices.framework/Versions/A/RemoteViewServices
0x0000000026918000 	/System/Library/PrivateFrameworks/UIFoundation.framework/Versions/A/UIFoundation
0x0000000026918000 	/System/Library/PrivateFrameworks/DFRFoundation.framework/Versions/A/DFRFoundation
0x0000000026918000 	/System/Library/Frameworks/Metal.framework/Versions/A/Metal
0x0000000026918000 	/System/Library/PrivateFrameworks/DesktopServicesPriv.framework/Versions/A/DesktopServicesPriv
0x0000000026918000 	/usr/lib/libenergytrace.dylib
0x0000000026918000 	/System/Library/PrivateFrameworks/SkyLight.framework/Versions/A/SkyLight
0x0000000026918000 	/System/Library/Frameworks/CoreGraphics.framework/Versions/A/CoreGraphics
0x0000000026918000 	/usr/lib/libScreenReader.dylib
0x0000000026918000 	/System/Library/Frameworks/Accelerate.framework/Versions/A/Accelerate
0x0000000026918000 	/System/Library/Frameworks/IOSurface.framework/Versions/A/IOSurface
0x0000000026918000 	/System/Library/Frameworks/AudioToolbox.framework/Versions/A/AudioToolbox
0x0000000026918000 	/System/Library/Frameworks/AudioUnit.framework/Versions/A/AudioUnit
0x0000000026918000 	/System/Library/PrivateFrameworks/DataDetectorsCore.framework/Versions/A/DataDetectorsCore
0x0000000026918000 	/System/Library/Frameworks/Carbon.framework/Versions/A/Frameworks/HIToolbox.framework/Versions/A/HIToolbox
0x0000000026918000 	/usr/lib/libicucore.A.dylib
0x0000000026918000 	/System/Library/Frameworks/QuartzCore.framework/Versions/A/QuartzCore
0x0000000026918000 	/System/Library/Frameworks/Carbon.framework/Versions/A/Frameworks/SpeechRecognition.framework/Versions/A/SpeechRecognition
0x0000000026918000 	/usr/lib/libauto.dylib
0x0000000026918000 	/usr/lib/libxml2.2.dylib
0x0000000026918000 	/System/Library/PrivateFrameworks/CoreUI.framework/Versions/A/CoreUI
0x0000000026918000 	/System/Library/Frameworks/CoreAudio.framework/Versions/A/CoreAudio
0x0000000026918000 	/System/Library/Frameworks/DiskArbitration.framework/Versions/A/DiskArbitration
0x0000000026918000 	/usr/lib/liblangid.dylib
0x0000000026918000 	/System/Library/PrivateFrameworks/MultitouchSupport.framework/Versions/A/MultitouchSupport
0x0000000026918000 	/System/Library/Frameworks/IOKit.framework/Versions/A/IOKit
0x0000000026918000 	/usr/lib/libDiagnosticMessagesClient.dylib
0x0000000026918000 	/System/Library/Frameworks/CoreServices.framework/Versions/A/CoreServices
0x0000000026918000 	/System/Library/PrivateFrameworks/PerformanceAnalysis.framework/Versions/A/PerformanceAnalysis
0x0000000026918000 	/System/Library/Frameworks/OpenGL.framework/Versions/A/OpenGL
0x0000000026918000 	/System/Library/Frameworks/ColorSync.framework/Versions/A/ColorSync
0x0000000026918000 	/System/Library/Frameworks/CoreImage.framework/Versions/A/CoreImage
0x0000000026918000 	/System/Library/Frameworks/CoreText.framework/Versions/A/CoreText
0x0000000026918000 	/System/Library/Frameworks/ImageIO.framework/Versions/A/ImageIO
0x0000000026918000 	/System/Library/PrivateFrameworks/Backup.framework/Versions/A/Backup
0x0000000026918000 	/usr/lib/libarchive.2.dylib
0x0000000026918000 	/System/Library/Frameworks/CFNetwork.framework/Versions/A/CFNetwork
0x0000000026918000 	/System/Library/Frameworks/SystemConfiguration.framework/Versions/A/SystemConfiguration
0x0000000026918000 	/usr/lib/libCRFSuite.dylib
0x0000000026918000 	/usr/lib/libc++.1.dylib
0x0000000026918000 	/usr/lib/libc++abi.dylib
0x0000000026918000 	/usr/lib/system/libcache.dylib
0x0000000026918000 	/usr/lib/system/libcommonCrypto.dylib
0x0000000026918000 	/usr/lib/system/libcompiler_rt.dylib
0x0000000026918000 	/usr/lib/system/libcopyfile.dylib
0x0000000026918000 	/usr/lib/system/libcorecrypto.dylib
0x0000000026918000 	/usr/lib/system/libdispatch.dylib
0x0000000026918000 	/usr/lib/system/libdyld.dylib
0x0000000026918000 	/usr/lib/system/libkeymgr.dylib
0x0000000026918000 	/usr/lib/system/liblaunch.dylib
0x0000000026918000 	/usr/lib/system/libmacho.dylib
0x0000000026918000 	/usr/lib/system/libquarantine.dylib
0x0000000026918000 	/usr/lib/system/libremovefile.dylib
0x0000000026918000 	/usr/lib/system/libsystem_asl.dylib
0x0000000026918000 	/usr/lib/system/libsystem_blocks.dylib
0x0000000026918000 	/usr/lib/system/libsystem_c.dylib
0x0000000026918000 	/usr/lib/system/libsystem_configuration.dylib
0x0000000026918000 	/usr/lib/system/libsystem_coreservices.dylib
0x0000000026918000 	/usr/lib/system/libsystem_darwin.dylib
0x0000000026918000 	/usr/lib/system/libsystem_dnssd.dylib
0x0000000026918000 	/usr/lib/system/libsystem_info.dylib
0x0000000026918000 	/usr/lib/system/libsystem_m.dylib
0x0000000026918000 	/usr/lib/system/libsystem_malloc.dylib
0x0000000026918000 	/usr/lib/system/libsystem_network.dylib
0x0000000026918000 	/usr/lib/system/libsystem_networkextension.dylib
0x0000000026918000 	/usr/lib/system/libsystem_notify.dylib
0x0000000026918000 	/usr/lib/system/libsystem_sandbox.dylib
0x0000000026918000 	/usr/lib/system/libsystem_secinit.dylib
0x0000000026918000 	/usr/lib/system/libsystem_kernel.dylib
0x0000000026918000 	/usr/lib/system/libsystem_platform.dylib
0x0000000026918000 	/usr/lib/system/libsystem_pthread.dylib
0x0000000026918000 	/usr/lib/system/libsystem_symptoms.dylib
0x0000000026918000 	/usr/lib/system/libsystem_trace.dylib
0x0000000026918000 	/usr/lib/system/libunwind.dylib
0x0000000026918000 	/usr/lib/system/libxpc.dylib
0x0000000026918000 	/usr/lib/closure/libclosured.dylib
0x0000000026918000 	/usr/lib/libbsm.0.dylib
0x0000000026918000 	/usr/lib/system/libkxld.dylib
0x0000000026918000 	/usr/lib/libOpenScriptingUtil.dylib
0x0000000026918000 	/usr/lib/libcoretls.dylib
0x0000000026918000 	/usr/lib/libcoretls_cfhelpers.dylib
0x0000000026918000 	/usr/lib/libpam.2.dylib
0x0000000026918000 	/usr/lib/libsqlite3.dylib
0x0000000026918000 	/usr/lib/libxar.1.dylib
0x0000000026918000 	/usr/lib/libbz2.1.0.dylib
0x0000000026918000 	/usr/lib/liblzma.5.dylib
0x0000000026918000 	/usr/lib/libnetwork.dylib
0x0000000026918000 	/usr/lib/libapple_nghttp2.dylib
0x0000000026918000 	/usr/lib/libpcap.A.dylib
0x0000000026918000 	/usr/lib/libboringssl.dylib
0x0000000026918000 	/usr/lib/libusrtcp.dylib
0x0000000026918000 	/usr/lib/libapple_crypto.dylib
0x0000000026918000 	/System/Library/Frameworks/CoreServices.framework/Versions/A/Frameworks/FSEvents.framework/Versions/A/FSEvents
0x0000000026918000 	/System/Library/Frameworks/CoreServices.framework/Versions/A/Frameworks/CarbonCore.framework/Versions/A/CarbonCore
0x0000000026918000 	/System/Library/Frameworks/CoreServices.framework/Versions/A/Frameworks/Metadata.framework/Versions/A/Metadata
0x0000000026918000 	/System/Library/Frameworks/CoreServices.framework/Versions/A/Frameworks/OSServices.framework/Versions/A/OSServices
0x0000000026918000 	/System/Library/Frameworks/CoreServices.framework/Versions/A/Frameworks/SearchKit.framework/Versions/A/SearchKit
0x0000000026918000 	/System/Library/Frameworks/CoreServices.framework/Versions/A/Frameworks/AE.framework/Versions/A/AE
0x0000000026918000 	/System/Library/Frameworks/CoreServices.framework/Versions/A/Frameworks/LaunchServices.framework/Versions/A/LaunchServices
0x0000000026918000 	/System/Library/Frameworks/CoreServices.framework/Versions/A/Frameworks/DictionaryServices.framework/Versions/A/DictionaryServices
0x0000000026918000 	/System/Library/Frameworks/CoreServices.framework/Versions/A/Frameworks/SharedFileList.framework/Versions/A/SharedFileList
0x0000000026918000 	/System/Library/Frameworks/NetFS.framework/Versions/A/NetFS
0x0000000026918000 	/System/Library/PrivateFrameworks/NetAuth.framework/Versions/A/NetAuth
0x0000000026918000 	/System/Library/PrivateFrameworks/login.framework/Versions/A/Frameworks/loginsupport.framework/Versions/A/loginsupport
0x0000000026918000 	/System/Library/PrivateFrameworks/TCC.framework/Versions/A/TCC
0x0000000026918000 	/usr/lib/libmecabra.dylib
0x0000000026918000 	/System/Library/Frameworks/ApplicationServices.framework/Versions/A/Frameworks/ATS.framework/Versions/A/ATS
0x0000000026918000 	/System/Library/Frameworks/ApplicationServices.framework/Versions/A/Frameworks/ColorSyncLegacy.framework/Versions/A/ColorSyncLegacy
0x0000000026918000 	/System/Library/Frameworks/ApplicationServices.framework/Versions/A/Frameworks/HIServices.framework/Versions/A/HIServices
0x0000000026918000 	/System/Library/Frameworks/ApplicationServices.framework/Versions/A/Frameworks/LangAnalysis.framework/Versions/A/LangAnalysis
0x0000000026918000 	/System/Library/Frameworks/ApplicationServices.framework/Versions/A/Frameworks/PrintCore.framework/Versions/A/PrintCore
0x0000000026918000 	/System/Library/Frameworks/ApplicationServices.framework/Versions/A/Frameworks/QD.framework/Versions/A/QD
0x0000000026918000 	/System/Library/Frameworks/ApplicationServices.framework/Versions/A/Frameworks/SpeechSynthesis.framework/Versions/A/SpeechSynthesis
0x0000000026918000 	/System/Library/Frameworks/CoreDisplay.framework/Versions/A/CoreDisplay
0x0000000026918000 	/System/Library/Frameworks/Accelerate.framework/Versions/A/Frameworks/vImage.framework/Versions/A/vImage
0x0000000026918000 	/System/Library/Frameworks/Accelerate.framework/Versions/A/Frameworks/vecLib.framework/Versions/A/vecLib
0x0000000026918000 	/System/Library/Frameworks/Accelerate.framework/Versions/A/Frameworks/vecLib.framework/Versions/A/libvDSP.dylib
0x0000000026918000 	/System/Library/Frameworks/Accelerate.framework/Versions/A/Frameworks/vecLib.framework/Versions/A/libBNNS.dylib
0x0000000026918000 	/System/Library/Frameworks/Accelerate.framework/Versions/A/Frameworks/vecLib.framework/Versions/A/libQuadrature.dylib
0x0000000026918000 	/System/Library/Frameworks/Accelerate.framework/Versions/A/Frameworks/vecLib.framework/Versions/A/libvMisc.dylib
0x0000000026918000 	/System/Library/Frameworks/Accelerate.framework/Versions/A/Frameworks/vecLib.framework/Versions/A/libLAPACK.dylib
0x0000000026918000 	/System/Library/Frameworks/Accelerate.framework/Versions/A/Frameworks/vecLib.framework/Versions/A/libBLAS.dylib
0x0000000026918000 	/System/Library/Frameworks/Accelerate.framework/Versions/A/Frameworks/vecLib.framework/Versions/A/libLinearAlgebra.dylib
0x0000000026918000 	/System/Library/Frameworks/Accelerate.framework/Versions/A/Frameworks/vecLib.framework/Versions/A/libSparse.dylib
0x0000000026918000 	/System/Library/Frameworks/Accelerate.framework/Versions/A/Frameworks/vecLib.framework/Versions/A/libSparseBLAS.dylib
0x0000000026918000 	/System/Library/PrivateFrameworks/IOAccelerator.framework/Versions/A/IOAccelerator
0x0000000026918000 	/System/Library/PrivateFrameworks/IOPresentment.framework/Versions/A/IOPresentment
0x0000000026918000 	/System/Library/PrivateFrameworks/DSExternalDisplay.framework/Versions/A/DSExternalDisplay
0x0000000026918000 	/System/Library/Frameworks/OpenGL.framework/Versions/A/Libraries/libCoreFSCache.dylib
0x0000000026918000 	/System/Library/Frameworks/CoreVideo.framework/Versions/A/CoreVideo
0x0000000026918000 	/System/Library/PrivateFrameworks/GraphVisualizer.framework/Versions/A/GraphVisualizer
0x0000000026918000 	/System/Library/Frameworks/MetalPerformanceShaders.framework/Versions/A/MetalPerformanceShaders
0x0000000026918000 	/usr/lib/libFosl_dynamic.dylib
0x0000000026918000 	/System/Library/PrivateFrameworks/FaceCore.framework/Versions/A/FaceCore
0x0000000026918000 	/System/Library/Frameworks/OpenCL.framework/Versions/A/OpenCL
0x0000000026918000 	/usr/lib/libcompression.dylib
0x0000000026918000 	/System/Library/Frameworks/ApplicationServices.framework/Versions/A/Frameworks/ATS.framework/Versions/A/Resources/libFontParser.dylib
0x0000000026918000 	/System/Library/Frameworks/ApplicationServices.framework/Versions/A/Frameworks/ATS.framework/Versions/A/Resources/libFontRegistry.dylib
0x0000000026918000 	/System/Library/Frameworks/ImageIO.framework/Versions/A/Resources/libJPEG.dylib
0x0000000026918000 	/System/Library/Frameworks/ImageIO.framework/Versions/A/Resources/libTIFF.dylib
0x0000000026918000 	/System/Library/Frameworks/ImageIO.framework/Versions/A/Resources/libPng.dylib
0x0000000026918000 	/System/Library/Frameworks/ImageIO.framework/Versions/A/Resources/libGIF.dylib
0x0000000026918000 	/System/Library/Frameworks/ImageIO.framework/Versions/A/Resources/libJP2.dylib
0x0000000026918000 	/System/Library/Frameworks/ImageIO.framework/Versions/A/Resources/libRadiance.dylib
0x0000000026918000 	/System/Library/PrivateFrameworks/AppleJPEG.framework/Versions/A/AppleJPEG
0x0000000026918000 	/System/Library/PrivateFrameworks/MetalTools.framework/Versions/A/MetalTools
0x0000000026918000 	/System/Library/Frameworks/MetalPerformanceShaders.framework/Frameworks/MPSCore.framework/Versions/A/MPSCore
0x0000000026918000 	/System/Library/Frameworks/MetalPerformanceShaders.framework/Frameworks/MPSImage.framework/Versions/A/MPSImage
0x0000000026918000 	/System/Library/Frameworks/MetalPerformanceShaders.framework/Frameworks/MPSMatrix.framework/Versions/A/MPSMatrix
0x0000000026918000 	/System/Library/Frameworks/MetalPerformanceShaders.framework/Frameworks/MPSNeuralNetwork.framework/Versions/A/MPSNeuralNetwork
0x0000000026918000 	/System/Library/Frameworks/OpenGL.framework/Versions/A/Libraries/libGLU.dylib
0x0000000026918000 	/System/Library/Frameworks/OpenGL.framework/Versions/A/Libraries/libGFXShared.dylib
0x0000000026918000 	/System/Library/Frameworks/OpenGL.framework/Versions/A/Libraries/libGL.dylib
0x0000000026918000 	/System/Library/Frameworks/OpenGL.framework/Versions/A/Libraries/libGLImage.dylib
0x0000000026918000 	/System/Library/Frameworks/OpenGL.framework/Versions/A/Libraries/libCVMSPluginSupport.dylib
0x0000000026918000 	/System/Library/Frameworks/OpenGL.framework/Versions/A/Libraries/libCoreVMClient.dylib
0x0000000026918000 	/usr/lib/libcups.2.dylib
0x0000000026918000 	/System/Library/Frameworks/Kerberos.framework/Versions/A/Kerberos
0x0000000026918000 	/System/Library/Frameworks/GSS.framework/Versions/A/GSS
0x0000000026918000 	/usr/lib/libresolv.9.dylib
0x0000000026918000 	/usr/lib/libiconv.2.dylib
0x0000000026918000 	/System/Library/PrivateFrameworks/Heimdal.framework/Versions/A/Heimdal
0x0000000026918000 	/usr/lib/libheimdal-asn1.dylib
0x0000000026918000 	/System/Library/Frameworks/OpenDirectory.framework/Versions/A/OpenDirectory
0x0000000026918000 	/System/Library/PrivateFrameworks/CommonAuth.framework/Versions/A/CommonAuth
0x0000000026918000 	/System/Library/Frameworks/OpenDirectory.framework/Versions/A/Frameworks/CFOpenDirectory.framework/Versions/A/CFOpenDirectory
0x0000000026918000 	/System/Library/Frameworks/SecurityFoundation.framework/Versions/A/SecurityFoundation
0x0000000026918000 	/System/Library/PrivateFrameworks/APFS.framework/Versions/A/APFS
0x0000000026918000 	/usr/lib/libutil.dylib
0x0000000026918000 	/System/Library/PrivateFrameworks/AppleSauce.framework/Versions/A/AppleSauce
0x0000000026918000 	/System/Library/PrivateFrameworks/LinguisticData.framework/Versions/A/LinguisticData
0x0000000026918000 	/usr/lib/libmarisa.dylib
0x0000000026918000 	/System/Library/PrivateFrameworks/Lexicon.framework/Versions/A/Lexicon
0x0000000026918000 	/usr/lib/libChineseTokenizer.dylib
0x0000000026918000 	/usr/lib/libcmph.dylib
0x0000000026918000 	/System/Library/PrivateFrameworks/LanguageModeling.framework/Versions/A/LanguageModeling
0x0000000026918000 	/System/Library/PrivateFrameworks/CoreEmoji.framework/Versions/A/CoreEmoji
0x0000000026918000 	/System/Library/Frameworks/ServiceManagement.framework/Versions/A/ServiceManagement
0x0000000026918000 	/System/Library/PrivateFrameworks/BackgroundTaskManagement.framework/Versions/A/BackgroundTaskManagement
0x0000000026918000 	/usr/lib/libxslt.1.dylib
0x0000000026918000 	/System/Library/Frameworks/Carbon.framework/Versions/A/Frameworks/Ink.framework/Versions/A/Ink
0x0000000026918000 	/System/Library/PrivateFrameworks/TextureIO.framework/Versions/A/TextureIO
0x0000000026918000 	/usr/lib/libate.dylib
0x0000000026918000 	/System/Library/PrivateFrameworks/CrashReporterSupport.framework/Versions/A/CrashReporterSupport
0x0000000026918000 	/System/Library/PrivateFrameworks/Sharing.framework/Versions/A/Sharing
0x0000000026918000 	/System/Library/PrivateFrameworks/IconServices.framework/Versions/A/IconServices
0x0000000026918000 	/System/Library/PrivateFrameworks/ProtocolBuffer.framework/Versions/A/ProtocolBuffer
0x0000000026918000 	/System/Library/PrivateFrameworks/Apple80211.framework/Versions/A/Apple80211
0x0000000026918000 	/System/Library/Frameworks/CoreWLAN.framework/Versions/A/CoreWLAN
0x0000000026918000 	/System/Library/PrivateFrameworks/CoreUtils.framework/Versions/A/CoreUtils
0x0000000026918000 	/System/Library/Frameworks/IOBluetooth.framework/Versions/A/IOBluetooth
0x0000000026918000 	/System/Library/PrivateFrameworks/CoreWiFi.framework/Versions/A/CoreWiFi
0x0000000026918000 	/System/Library/Frameworks/CoreBluetooth.framework/Versions/A/CoreBluetooth
0x0000000026918000 	/System/Library/PrivateFrameworks/SignpostNotification.framework/Versions/A/SignpostNotification
0x0000000026918000 	/System/Library/PrivateFrameworks/DebugSymbols.framework/Versions/A/DebugSymbols
0x0000000026918000 	/System/Library/PrivateFrameworks/CoreSymbolication.framework/Versions/A/CoreSymbolication
0x0000000026918000 	/System/Library/PrivateFrameworks/Symbolication.framework/Versions/A/Symbolication
0x0000000026918000 	/System/Library/PrivateFrameworks/AppleFSCompression.framework/Versions/A/AppleFSCompression
0x0000000026918000 	/System/Library/PrivateFrameworks/SpeechRecognitionCore.framework/Versions/A/SpeechRecognitionCore
0x000000010fe00000 	/Applications/Android Studio.app/Contents/jre/jdk/Contents/Home/jre/lib/server/libjvm.dylib
0x0000000026918000 	/usr/lib/libstdc++.6.0.9.dylib
0x000000010ec8e000 	/Applications/Android Studio.app/Contents/jre/jdk/Contents/Home/jre/lib/libverify.dylib
0x000000010ec9b000 	/Applications/Android Studio.app/Contents/jre/jdk/Contents/Home/jre/lib/libjava.dylib
0x000000010ed1a000 	/Applications/Android Studio.app/Contents/jre/jdk/Contents/Home/jre/lib/libzip.dylib
0x0000000026918000 	/System/Library/Frameworks/JavaVM.framework/Versions/A/Frameworks/JavaRuntimeSupport.framework/Versions/A/JavaRuntimeSupport
0x0000000026918000 	/System/Library/Frameworks/JavaVM.framework/Versions/A/Frameworks/JavaNativeFoundation.framework/Versions/A/JavaNativeFoundation
0x0000000026918000 	/System/Library/Frameworks/JavaVM.framework/Versions/A/JavaVM
0x0000000026918000 	/System/Library/Frameworks/Carbon.framework/Versions/A/Carbon
0x0000000026918000 	/System/Library/PrivateFrameworks/JavaLaunching.framework/Versions/A/JavaLaunching
0x0000000026918000 	/System/Library/Frameworks/Carbon.framework/Versions/A/Frameworks/CommonPanels.framework/Versions/A/CommonPanels
0x0000000026918000 	/System/Library/Frameworks/Carbon.framework/Versions/A/Frameworks/Help.framework/Versions/A/Help
0x0000000026918000 	/System/Library/Frameworks/Carbon.framework/Versions/A/Frameworks/ImageCapture.framework/Versions/A/ImageCapture
0x0000000026918000 	/System/Library/Frameworks/Carbon.framework/Versions/A/Frameworks/OpenScripting.framework/Versions/A/OpenScripting
0x0000000026918000 	/System/Library/Frameworks/Carbon.framework/Versions/A/Frameworks/Print.framework/Versions/A/Print
0x0000000026918000 	/System/Library/Frameworks/Carbon.framework/Versions/A/Frameworks/SecurityHI.framework/Versions/A/SecurityHI
0x0000000116fca000 	/Applications/Android Studio.app/Contents/jre/jdk/Contents/Home/jre/lib/libnet.dylib
0x0000000127cbf000 	/Applications/Android Studio.app/Contents/jre/jdk/Contents/Home/jre/lib/libnio.dylib
0x0000000127d1a000 	/Users/santiagoalbertokirk/.gradle/native/23/osx-amd64/libnative-platform.dylib
0x0000000127fc4000 	/Applications/Android Studio.app/Contents/jre/jdk/Contents/Home/jre/lib/libmanagement.dylib
0x0000000127aa0000 	/Applications/Android Studio.app/Contents/jre/jdk/Contents/Home/jre/lib/libsunec.dylib

VM Arguments:
jvm_args: -Xmx1536m -Dfile.encoding=UTF-8 -Duser.country=XL -Duser.language=es -Duser.variant 
java_command: org.gradle.launcher.daemon.bootstrap.GradleDaemon 3.3
java_class_path (initial): /Users/santiagoalbertokirk/.gradle/wrapper/dists/gradle-3.3-all/55gk2rcmfc6p2dg9u9ohc3hw9/gradle-3.3/lib/gradle-launcher-3.3.jar
Launcher Type: SUN_STANDARD

Environment Variables:
PATH=/usr/bin:/bin:/usr/sbin:/sbin
SHELL=/bin/bash

Signal Handlers:
SIGSEGV: [libjvm.dylib+0x57e9cd], sa_mask[0]=11111111011111110111111111111111, sa_flags=SA_ONSTACK|SA_RESTART|SA_SIGINFO
SIGBUS: [libjvm.dylib+0x57e9cd], sa_mask[0]=11111111011111110111111111111111, sa_flags=SA_RESTART|SA_SIGINFO
SIGFPE: [libjvm.dylib+0x45951c], sa_mask[0]=11111111011111110111111111111111, sa_flags=SA_RESTART|SA_SIGINFO
SIGPIPE: [libjvm.dylib+0x45951c], sa_mask[0]=11111111011111110111111111111111, sa_flags=SA_RESTART|SA_SIGINFO
SIGXFSZ: [libjvm.dylib+0x45951c], sa_mask[0]=11111111011111110111111111111111, sa_flags=SA_RESTART|SA_SIGINFO
SIGILL: [libjvm.dylib+0x45951c], sa_mask[0]=11111111011111110111111111111111, sa_flags=SA_RESTART|SA_SIGINFO
SIGUSR1: SIG_DFL, sa_mask[0]=00000000000000000000000000000000, sa_flags=none
SIGUSR2: [libjvm.dylib+0x45903a], sa_mask[0]=00100000000000000000000000000000, sa_flags=SA_RESTART|SA_SIGINFO
SIGHUP: [libjvm.dylib+0x457611], sa_mask[0]=11111111011111110111111111111111, sa_flags=SA_RESTART|SA_SIGINFO
SIGINT: [libjvm.dylib+0x457611], sa_mask[0]=11111111011111110111111111111111, sa_flags=SA_RESTART|SA_SIGINFO
SIGTERM: [libjvm.dylib+0x457611], sa_mask[0]=11111111011111110111111111111111, sa_flags=SA_RESTART|SA_SIGINFO
SIGQUIT: [libjvm.dylib+0x457611], sa_mask[0]=11111111011111110111111111111111, sa_flags=SA_RESTART|SA_SIGINFO


---------------  S Y S T E M  ---------------

OS:Bsduname:Darwin 17.0.0 Darwin Kernel Version 17.0.0: Thu Aug 24 21:48:19 PDT 2017; root:xnu-4570.1.46~2/RELEASE_X86_64 x86_64
rlimit: STACK 8192k, CORE 0k, NPROC 1418, NOFILE 10240, AS infinity
load average:2.36 2.15 2.12

CPU:total 8 (4 cores per cpu, 2 threads per core) family 6 model 58 stepping 9, cmov, cx8, fxsr, mmx, sse, sse2, sse3, ssse3, sse4.1, sse4.2, popcnt, avx, aes, clmul, erms, ht, tsc, tscinvbit, tscinv

Memory: 4k page, physical 16777216k(589128k free)

/proc/meminfo:


vm_info: OpenJDK 64-Bit Server VM (25.112-b06) for bsd-amd64 JRE (1.8.0_112-release-b06), built on Dec  6 2016 12:18:58 by "builder" with gcc 4.2.1 (Based on Apple Inc. build 5658) (LLVM build 2336.11.00)

time: Sat Oct 21 18:14:26 2017
elapsed time: 13536 seconds (0d 3h 45m 36s)

